<?xml version="1.0" encoding="UTF-8" ?>
<testsuite tests="5" failures="0" name="seabool.MainTest" time="0.013" errors="0" skipped="1">
  <properties>
    <property name="java.runtime.name" value="Java(TM) SE Runtime Environment"/>
    <property name="java.vm.version" value="15.0.2+7-27"/>
    <property name="sun.boot.library.path" value="D:\Programy\JDK\bin"/>
    <property name="maven.multiModuleProjectDirectory" value="C:/Users/xenop/OneDrive/Pulpit/maven-start"/>
    <property name="java.vm.vendor" value="Oracle Corporation"/>
    <property name="java.vendor.url" value="https://java.oracle.com/"/>
    <property name="guice.disable.misplaced.annotation.check" value="true"/>
    <property name="path.separator" value=";"/>
    <property name="java.vm.name" value="Java HotSpot(TM) 64-Bit Server VM"/>
    <property name="sun.os.patch.level" value=""/>
    <property name="user.script" value=""/>
    <property name="user.country" value="PL"/>
    <property name="sun.java.launcher" value="SUN_STANDARD"/>
    <property name="java.vm.specification.name" value="Java Virtual Machine Specification"/>
    <property name="user.dir" value="C:\Users\xenop\OneDrive\Pulpit\maven-start"/>
    <property name="java.vm.compressedOopsMode" value="Zero based"/>
    <property name="java.runtime.version" value="15.0.2+7-27"/>
    <property name="os.arch" value="amd64"/>
    <property name="java.io.tmpdir" value="C:\Users\xenop\AppData\Local\Temp\"/>
    <property name="line.separator" value="
"/>
    <property name="java.vm.specification.vendor" value="Oracle Corporation"/>
    <property name="user.variant" value=""/>
    <property name="os.name" value="Windows 10"/>
    <property name="classworlds.conf" value="C:/Users/xenop/OneDrive/Pulpit/kursJava/apache-maven-3.6.3/bin/m2.conf"/>
    <property name="sun.jnu.encoding" value="Cp1250"/>
    <property name="java.library.path" value="D:\Programy\JDK\bin;C:\WINDOWS\Sun\Java\bin;C:\WINDOWS\system32;C:\WINDOWS;C:\Users\xenop\bin;D:\Programy\Git\mingw64\bin;D:\Programy\Git\usr\local\bin;D:\Programy\Git\usr\bin;D:\Programy\Git\usr\bin;D:\Programy\Git\mingw64\bin;D:\Programy\Git\usr\bin;C:\Users\xenop\bin;C:\Program Files\Common Files\Oracle\Java\javapath;C:\Python38\Scripts;C:\Python38;D:\Programy\JDK\bin;C:\Program Files (x86)\Common Files\Oracle\Java\javapath;C:\Program Files (x86)\NVIDIA Corporation\PhysX\Common;C:\WINDOWS\system32;C:\WINDOWS;C:\WINDOWS\System32\Wbem;C:\WINDOWS\System32\WindowsPowerShell\v1.0;C:\WINDOWS\System32\OpenSSH;C:\Program Files\Common Files\Autodesk Shared;C:\ProgramData\chocolatey\bin;D:\Programy\Cmake\bin;C:\Program Files\dotnet;D:\Programy\Git\cmd;C:\Users\xenop\AppData\Local\Microsoft\WindowsApps;D:\Programy\PyCharm 2019.2.4\bin;C:\Program Files\Java\jdk-14.0.1\bin;D:\Programy\CLion 2020.2.4\bin;D:\Inne\MinGW\bin;D:\Programy\opencv-master\build\install\x64\mingw\bin;D:\Programy\CLion 2020.2.4\libraries\SFML-2.5.1\bin;D:\Programy\IntelliJ IDEA 2020.2.3\bin;C:\Users\xenop\OneDrive\Pulpit\jpcap-0.01.16-win32;C:\Users\xenop\OneDrive\Pulpit\jnetpcap-1.4.r1425\jnetpcap.dll;C:\Users\xenop\OneDrive\Pulpit\javafx-sdk-11.0.2\bin;C:\Users\xenop\AppData\Local\Microsoft\WindowsApps;D:\Programy\PyCharm 2020.3.2\bin;C:\Users\xenop\OneDrive\Pulpit\kursJava\apache-maven-3.6.3\bin;D:\Programy\Git\usr\bin\vendor_perl;D:\Programy\Git\usr\bin\core_perl;."/>
    <property name="maven.conf" value="C:/Users/xenop/OneDrive/Pulpit/kursJava/apache-maven-3.6.3/conf"/>
    <property name="jdk.debug" value="release"/>
    <property name="java.class.version" value="59.0"/>
    <property name="java.specification.name" value="Java Platform API Specification"/>
    <property name="sun.management.compiler" value="HotSpot 64-Bit Tiered Compilers"/>
    <property name="os.version" value="10.0"/>
    <property name="library.jansi.path" value="C:/Users/xenop/OneDrive/Pulpit/kursJava/apache-maven-3.6.3/lib/jansi-native"/>
    <property name="user.home" value="C:\Users\xenop"/>
    <property name="user.timezone" value="Europe/Warsaw"/>
    <property name="file.encoding" value="Cp1250"/>
    <property name="java.specification.version" value="15"/>
    <property name="user.name" value="xenop"/>
    <property name="java.class.path" value="C:/Users/xenop/OneDrive/Pulpit/kursJava/apache-maven-3.6.3/boot/plexus-classworlds-2.6.0.jar"/>
    <property name="java.vm.specification.version" value="15"/>
    <property name="sun.arch.data.model" value="64"/>
    <property name="sun.java.command" value="org.codehaus.plexus.classworlds.launcher.Launcher test"/>
    <property name="java.home" value="D:\Programy\JDK"/>
    <property name="user.language" value="pl"/>
    <property name="java.specification.vendor" value="Oracle Corporation"/>
    <property name="java.vm.info" value="mixed mode, sharing"/>
    <property name="java.version" value="15.0.2"/>
    <property name="java.vendor" value="Oracle Corporation"/>
    <property name="maven.home" value="C:\Users\xenop\OneDrive\Pulpit\kursJava\apache-maven-3.6.3"/>
    <property name="file.separator" value="\"/>
    <property name="java.version.date" value="2021-01-19"/>
    <property name="java.vendor.url.bug" value="https://bugreport.java.com/bugreport/"/>
    <property name="sun.io.unicode.encoding" value="UnicodeLittle"/>
    <property name="sun.cpu.endian" value="little"/>
    <property name="sun.cpu.isalist" value="amd64"/>
  </properties>
  <testcase classname="seabool.MainTest" name="testWordCountSingle" time="0.013"/>
  <testcase classname="seabool.MainTest" name="testWordCountString" time="0"/>
  <testcase classname="seabool.MainTest" name="testWordCountEmpty" time="0"/>
  <testcase classname="seabool.MainTest" name="testWordCountMore" time="0">
    <skipped/>
  </testcase>
  <testcase classname="seabool.MainTest" name="testWordCountNull" time="0"/>
</testsuite>